<?xml version="1.0" encoding="UTF-8"?>
<testng-results ignored="0" total="3" passed="2" failed="0" skipped="1">
  <reporter-output>
  </reporter-output>
  <suite started-at="2018-04-25T10:05:37Z" name="Main Test Suite" finished-at="2018-04-25T10:06:57Z" duration-ms="79872">
    <groups>
    </groups>
    <test started-at="2018-04-25T10:05:37Z" name="TestNG Test Group" finished-at="2018-04-25T10:06:57Z" duration-ms="79872">
      <class name="Tests.TestScenarios">
        <test-method is-config="true" signature="beforeClass()[pri:0, instance:Tests.TestScenarios@3cc1435c]" started-at="2018-04-25T10:05:37Z" name="beforeClass" finished-at="2018-04-25T10:05:37Z" duration-ms="141" status="PASS">
          <reporter-output>
          </reporter-output>
        </test-method> <!-- beforeClass -->
        <test-method signature="Login_TC001(java.lang.String, java.lang.String)[pri:0, instance:Tests.TestScenarios@3cc1435c]" started-at="2018-04-25T10:05:37Z" name="Login_TC001" data-provider="LoginTC001Data" finished-at="2018-04-25T10:05:37Z" duration-ms="0" status="SKIP">
          <exception class="java.lang.RuntimeException">
            <message>
              <![CDATA[org.testng.SkipException: Test not found]]>
            </message>
            <full-stacktrace>
              <![CDATA[java.lang.RuntimeException: org.testng.SkipException: Test not found
at org.testng.internal.MethodInvocationHelper.invokeMethodNoCheckedException(MethodInvocationHelper.java:49)
at org.testng.internal.MethodInvocationHelper.invokeDataProvider(MethodInvocationHelper.java:131)
at org.testng.internal.Parameters.handleParameters(Parameters.java:706)
at org.testng.internal.ParameterHandler.handleParameters(ParameterHandler.java:49)
at org.testng.internal.ParameterHandler.createParameters(ParameterHandler.java:37)
at org.testng.internal.Invoker.invokeTestMethods(Invoker.java:923)
at org.testng.internal.TestMethodWorker.invokeTestMethods(TestMethodWorker.java:125)
at org.testng.internal.TestMethodWorker.run(TestMethodWorker.java:109)
at org.testng.TestRunner.privateRun(TestRunner.java:648)
at org.testng.TestRunner.run(TestRunner.java:505)
at org.testng.SuiteRunner.runTest(SuiteRunner.java:455)
at org.testng.SuiteRunner.runSequentially(SuiteRunner.java:450)
at org.testng.SuiteRunner.privateRun(SuiteRunner.java:415)
at org.testng.SuiteRunner.run(SuiteRunner.java:364)
at org.testng.SuiteRunnerWorker.runSuite(SuiteRunnerWorker.java:52)
at org.testng.SuiteRunnerWorker.run(SuiteRunnerWorker.java:84)
at org.testng.TestNG.runSuitesSequentially(TestNG.java:1208)
at org.testng.TestNG.runSuitesLocally(TestNG.java:1137)
at org.testng.TestNG.runSuites(TestNG.java:1049)
at org.testng.TestNG.run(TestNG.java:1017)
at org.testng.remote.AbstractRemoteTestNG.run(AbstractRemoteTestNG.java:114)
at org.testng.remote.RemoteTestNG.initAndRun(RemoteTestNG.java:251)
at org.testng.remote.RemoteTestNG.main(RemoteTestNG.java:77)
Caused by: org.testng.SkipException: Test not found
at Tests.Baseclass.checkRunMode(Baseclass.java:80)
at Tests.TestScenarios.tc001data(TestScenarios.java:59)
at java.base/jdk.internal.reflect.NativeMethodAccessorImpl.invoke0(Native Method)
at java.base/jdk.internal.reflect.NativeMethodAccessorImpl.invoke(NativeMethodAccessorImpl.java:62)
at java.base/jdk.internal.reflect.DelegatingMethodAccessorImpl.invoke(DelegatingMethodAccessorImpl.java:43)
at java.base/java.lang.reflect.Method.invoke(Method.java:564)
at org.testng.internal.MethodInvocationHelper.invokeMethod(MethodInvocationHelper.java:124)
at org.testng.internal.MethodInvocationHelper.invokeMethod(MethodInvocationHelper.java:74)
at org.testng.internal.MethodInvocationHelper.invokeMethodNoCheckedException(MethodInvocationHelper.java:45)
... 22 more
]]>
            </full-stacktrace>
          </exception> <!-- java.lang.RuntimeException -->
          <reporter-output>
          </reporter-output>
        </test-method> <!-- Login_TC001 -->
        <test-method is-config="true" signature="setup(java.lang.reflect.Method)[pri:0, instance:Tests.TestScenarios@3cc1435c]" started-at="2018-04-25T10:05:38Z" name="setup" finished-at="2018-04-25T10:05:52Z" duration-ms="14911" status="PASS">
          <params>
            <param index="0">
              <value>
                <![CDATA[public void Tests.TestScenarios.Login_TC002(java.lang.String,java.lang.String)]]>
              </value>
            </param>
          </params>
          <reporter-output>
          </reporter-output>
        </test-method> <!-- setup -->
        <test-method signature="Login_TC002(java.lang.String, java.lang.String)[pri:0, instance:Tests.TestScenarios@3cc1435c]" started-at="2018-04-25T10:05:52Z" name="Login_TC002" data-provider="LoginTC002Data" finished-at="2018-04-25T10:06:18Z" duration-ms="25455" status="PASS">
          <params>
            <param index="0">
              <value>
                <![CDATA[yogeethavelani1212@gmail.com]]>
              </value>
            </param>
            <param index="1">
              <value>
                <![CDATA[Yogeetha1212$]]>
              </value>
            </param>
          </params>
          <reporter-output>
          </reporter-output>
        </test-method> <!-- Login_TC002 -->
        <test-method is-config="true" signature="aftermethod()[pri:0, instance:Tests.TestScenarios@3cc1435c]" started-at="2018-04-25T10:06:18Z" name="aftermethod" finished-at="2018-04-25T10:06:19Z" duration-ms="826" status="PASS">
          <reporter-output>
          </reporter-output>
        </test-method> <!-- aftermethod -->
        <test-method is-config="true" signature="setup(java.lang.reflect.Method)[pri:0, instance:Tests.TestScenarios@3cc1435c]" started-at="2018-04-25T10:06:19Z" name="setup" finished-at="2018-04-25T10:06:33Z" duration-ms="14404" status="PASS">
          <params>
            <param index="0">
              <value>
                <![CDATA[public void Tests.TestScenarios.Login_TC002(java.lang.String,java.lang.String)]]>
              </value>
            </param>
          </params>
          <reporter-output>
          </reporter-output>
        </test-method> <!-- setup -->
        <test-method signature="Login_TC002(java.lang.String, java.lang.String)[pri:0, instance:Tests.TestScenarios@3cc1435c]" started-at="2018-04-25T10:06:33Z" name="Login_TC002" data-provider="LoginTC002Data" finished-at="2018-04-25T10:06:56Z" duration-ms="22693" status="PASS">
          <params>
            <param index="0">
              <value>
                <![CDATA[yogeethavelani1212@gmail.com]]>
              </value>
            </param>
            <param index="1">
              <value>
                <![CDATA[Yogeetha1212$]]>
              </value>
            </param>
          </params>
          <reporter-output>
          </reporter-output>
        </test-method> <!-- Login_TC002 -->
        <test-method is-config="true" signature="aftermethod()[pri:0, instance:Tests.TestScenarios@3cc1435c]" started-at="2018-04-25T10:06:56Z" name="aftermethod" finished-at="2018-04-25T10:06:57Z" duration-ms="838" status="PASS">
          <reporter-output>
          </reporter-output>
        </test-method> <!-- aftermethod -->
      </class> <!-- Tests.TestScenarios -->
    </test> <!-- TestNG Test Group -->
  </suite> <!-- Main Test Suite -->
</testng-results>
